<?xml version="1.0" encoding="UTF-8"?>
<!-- Generated by org.testng.reporters.JUnitXMLReporter -->
<testsuite ignored="0" hostname="DESKTOP-D1JP042" failures="1" tests="18" name="Test" time="293.165" errors="0" timestamp="2023-10-24T20:33:32 EDT">
  <testcase classname="com.automation.framworks.practise.TestCases.LoginTest" name="verifyLoginWithValidLoginCredentials" time="1.38"/>
  <testcase classname="com.automation.framworks.practise.TestCases.LoginTest" name="verifyLoginWithValidLoginCredentials" time="1.534"/>
  <testcase classname="com.automation.framworks.practise.TestCases.LoginTest" name="verifyLoginWithValidLoginCredentials" time="1.465"/>
  <testcase classname="com.automation.framworks.practise.TestCases.LoginTest" name="verifyLoginWithValidLoginCredentials" time="1.269"/>
  <testcase classname="com.automation.framworks.practise.TestCases.LoginTest" name="verifyLoginWithValidLoginCredentials" time="1.033"/>
  <testcase classname="com.automation.framworks.practise.TestCases.LoginTest" name="verifyLoginWithValidLoginCredentials" time="1.024"/>
  <testcase classname="com.automation.framworks.practise.TestCases.LoginTest" name="verifyLoginWithValidLoginCredentials" time="1.058"/>
  <testcase classname="com.automation.framworks.practise.TestCases.LoginTest" name="verifyLoginWithValidEmailInvalidPassword" time="0.963"/>
  <testcase classname="com.automation.framworks.practise.TestCases.LoginTest" name="verifyLoginWithInvalidEmailValidPassword" time="0.744"/>
  <testcase classname="com.automation.framworks.practise.TestCases.LoginTest" name="verifyLoginWithInvalidCredentials" time="0.847"/>
  <testcase classname="com.automation.framworks.practise.TestCases.LoginTest" name="verifyLoginWithNoCredentials" time="0.66"/>
  <testcase classname="com.automation.framworks.practise.TestCases.RegisterTest" name="verifyRegisterWithMandatoryDetails" time="1.476"/>
  <testcase classname="com.automation.framworks.practise.TestCases.RegisterTest" name="verifyRegisterWithAllDetails" time="1.901"/>
  <testcase classname="com.automation.framworks.practise.TestCases.RegisterTest" name="verifyRegisterWithExistingEmail" time="1.05"/>
  <testcase classname="com.automation.framworks.practise.TestCases.RegisterTest" name="verifyRegisterWithNoDetails" time="0.579"/>
  <testcase classname="com.automation.framworks.practise.TestCases.SearchProductTest" name="verifySearchWithValidProduct" time="0.809"/>
  <testcase classname="com.automation.framworks.practise.TestCases.SearchProductTest" name="verifySearchWithInalidProduct" time="0.722">
    <failure type="java.lang.AssertionError" message="expected [false] but found [true]">
      <![CDATA[java.lang.AssertionError: expected [false] but found [true]
at com.automation.framworks.practise.TestCases.SearchProductTest.verifySearchWithInalidProduct(SearchProductTest.java:53)
at java.base/java.util.ArrayList.forEach(ArrayList.java:1511)
... Removed 31 stack frames]]>
    </failure>
  </testcase> <!-- verifySearchWithInalidProduct -->
  <testcase classname="com.automation.framworks.practise.TestCases.SearchProductTest" name="verifySearchWithNoProduct" time="0.0">
    <skipped/>
  </testcase> <!-- verifySearchWithNoProduct -->
</testsuite> <!-- Test -->
